Using pre-set license
Built from '2020.3/china_unity/release' branch; Version is '2020.3.13f1c1 (93b9df9a3ddc) revision 9681375'; Using compiler version '192528614'; Build Type 'Release'
OS: 'Windows 10 Pro; OS build 19041.1147; Version 2004; 64bit' Language: 'zh' Physical Memory: 16244 MB
BatchMode: 1, IsHumanControllingUs: 0, StartBugReporterOnCrash: 0, Is64bit: 1, IsPro: 0

 COMMAND LINE ARGUMENTS:
D:\Unity\UnityEditor\2020.3.13f1c1\Editor\Unity.exe
-adb2
-batchMode
-noUpm
-name
AssetImportWorker0
-projectPath
E:/Unity/ARPG/ARPG/CFramework
-logFile
Logs/AssetImportWorker0.log
-srvPort
50309
Successfully changed project path to: E:/Unity/ARPG/ARPG/CFramework
E:/Unity/ARPG/ARPG/CFramework
Using Asset Import Pipeline V2.
Refreshing native plugins compatible for Editor in 99.07 ms, found 2 plugins.
Preloading 0 native plugins for Editor in 0.00 ms.
Initialize engine version: 2020.3.13f1c1 (93b9df9a3ddc)
[Subsystems] Discovering subsystems at path D:/Unity/UnityEditor/2020.3.13f1c1/Editor/Data/Resources/UnitySubsystems
[Subsystems] Discovering subsystems at path E:/Unity/ARPG/ARPG/CFramework/Assets
GfxDevice: creating device client; threaded=0
Direct3D:
    Version:  Direct3D 11.0 [level 11.1]
    Renderer: NVIDIA GeForce GTX 1050 Ti (ID=0x1c8c)
    Vendor:   
    VRAM:     4018 MB
    Driver:   27.21.14.5671
Initialize mono
Mono path[0] = 'D:/Unity/UnityEditor/2020.3.13f1c1/Editor/Data/Managed'
Mono path[1] = 'D:/Unity/UnityEditor/2020.3.13f1c1/Editor/Data/MonoBleedingEdge/lib/mono/unityjit'
Mono config path = 'D:/Unity/UnityEditor/2020.3.13f1c1/Editor/Data/MonoBleedingEdge/etc'
Using monoOptions --debugger-agent=transport=dt_socket,embedding=1,server=y,suspend=n,address=127.0.0.1:56520
Begin MonoManager ReloadAssembly
Registering precompiled unity dll's ...
Register platform support module: D:/Unity/UnityEditor/2020.3.13f1c1/Editor/Data/PlaybackEngines/WindowsStandaloneSupport/UnityEditor.WindowsStandalone.Extensions.dll
Registered in 0.001221 seconds.
Native extension for WindowsStandalone target not found
Refreshing native plugins compatible for Editor in 92.64 ms, found 2 plugins.
Preloading 0 native plugins for Editor in 0.00 ms.
Mono: successfully reloaded assembly
- Completed reload, in  2.320 seconds
Platform modules already initialized, skipping
Registering precompiled user dll's ...
Registered in 0.018949 seconds.
Begin MonoManager ReloadAssembly
Native extension for WindowsStandalone target not found
Refreshing native plugins compatible for Editor in 93.82 ms, found 2 plugins.
Preloading 0 native plugins for Editor in 0.00 ms.
Mono: successfully reloaded assembly
- Completed reload, in  2.418 seconds
Platform modules already initialized, skipping
========================================================================
Worker process is ready to serve import requests
Launched and connected shader compiler UnityShaderCompiler.exe after 0.10 seconds
Refreshing native plugins compatible for Editor in 0.75 ms, found 2 plugins.
Preloading 0 native plugins for Editor in 0.00 ms.
Unloading 2944 Unused Serialized files (Serialized files now loaded: 0)
System memory in use before: 170.2 MB.
System memory in use after: 170.2 MB.

Unloading 46 unused Assets to reduce memory usage. Loaded Objects now: 3473.
Total: 26.881000 ms (FindLiveObjects: 0.264600 ms CreateObjectMapping: 0.130400 ms MarkObjects: 26.145300 ms  DeleteObjects: 0.338300 ms)

AssetImportParameters requested are different than current active one (requested -> active):
  custom:framework-win-MediaFoundation: 216162199b28c13a410421893ffa2e32 -> 
  custom:video-decoder-ogg-theora: a1e56fd34408186e4bbccfd4996cb3dc -> 
  custom:container-muxer-webm: aa71ff27fc2769a1b78a27578f13a17b -> 
  custom:container-demuxer-webm: 4f35f7cbe854078d1ac9338744f61a02 -> 
  custom:container-demuxer-ogg: 62fdf1f143b41e24485cea50d1cbac27 -> 
  custom:video-encoder-webm-vp8: eb34c28f22e8b96e1ab97ce403110664 -> 
  custom:video-decoder-webm-vp8: 9c59270c3fd7afecdb556c50c9e8de78 -> 
  custom:audio-decoder-ogg-vorbis: bf7c407c2cedff20999df2af8eb42d56 -> 
  custom:audio-encoder-webm-vorbis: bf7c407c2cedff20999df2af8eb42d56 -> 
========================================================================
Received Import Request.
  path: Assets/prac/UI/UIScene.unity
  artifactKey: Guid(85240f939799ed54db782aeb693ba695) Importer(815301076,1909f56bfc062723c751e8b465ee728b)
Start importing Assets/prac/UI/UIScene.unity using Guid(85240f939799ed54db782aeb693ba695) Importer(815301076,1909f56bfc062723c751e8b465ee728b)  -> (artifact id: '99e276c35e59e65ecbebf661ff1258fd') in 0.022372 seconds 
  Import took 0.027638 seconds .

========================================================================
Received Import Request.
  Time since last request: 37.290073 seconds.
  path: Assets/AssetResources/Font
  artifactKey: Guid(6199e90d65a530c48bf6a71221b3d129) Importer(815301076,1909f56bfc062723c751e8b465ee728b)
Start importing Assets/AssetResources/Font using Guid(6199e90d65a530c48bf6a71221b3d129) Importer(815301076,1909f56bfc062723c751e8b465ee728b)  -> (artifact id: '7ddc012b8cdafbaa70d4ecb533626a7a') in 0.006840 seconds 
  Import took 0.013479 seconds .

========================================================================
Received Import Request.
  Time since last request: 33.522885 seconds.
  path: Assets/AssetResources/Font/LBFont.fontsettings
  artifactKey: Guid(6dfc5c9f8a1560c4e9e0fbf846fe7ff7) Importer(815301076,1909f56bfc062723c751e8b465ee728b)
Start importing Assets/AssetResources/Font/LBFont.fontsettings using Guid(6dfc5c9f8a1560c4e9e0fbf846fe7ff7) Importer(815301076,1909f56bfc062723c751e8b465ee728b)  -> (artifact id: 'c02071fa13d7cfc6c64efdf5fe9fcd2e') in 0.041745 seconds 
  Import took 0.046759 seconds .

========================================================================
Received Import Request.
  Time since last request: 125.970358 seconds.
  path: Assets/AssetResources/Images/UI/Tian/UI/number.png
  artifactKey: Guid(bb65d31d0feee1f4283ff7c550c15328) Importer(815301076,1909f56bfc062723c751e8b465ee728b)
Start importing Assets/AssetResources/Images/UI/Tian/UI/number.png using Guid(bb65d31d0feee1f4283ff7c550c15328) Importer(815301076,1909f56bfc062723c751e8b465ee728b)  -> (artifact id: '55831d22b9a150a0805b5c30f4c364ba') in 0.046720 seconds 
  Import took 0.051369 seconds .

