Using pre-set license
Built from '2020.3/china_unity/release' branch; Version is '2020.3.13f1c1 (93b9df9a3ddc) revision 9681375'; Using compiler version '192528614'; Build Type 'Release'
OS: 'Windows 10 Pro; OS build 19041.1147; Version 2004; 64bit' Language: 'zh' Physical Memory: 16244 MB
BatchMode: 1, IsHumanControllingUs: 0, StartBugReporterOnCrash: 0, Is64bit: 1, IsPro: 0

 COMMAND LINE ARGUMENTS:
D:\Unity\UnityEditor\2020.3.13f1c1\Editor\Unity.exe
-adb2
-batchMode
-noUpm
-name
AssetImportWorker3
-projectPath
E:/Unity/ARPG/ARPG
-logFile
Logs/AssetImportWorker3.log
-srvPort
59809
Successfully changed project path to: E:/Unity/ARPG/ARPG
E:/Unity/ARPG/ARPG
Using Asset Import Pipeline V2.
Assertion failed on expression: 'm_ErrorCode == MDB_MAP_RESIZED || !HasAbortingErrors()'

Asset database transaction committed twice!

Assertion failed on expression: 'errors == MDB_SUCCESS || errors == MDB_NOTFOUND'

Assertion failed on expression: 'm_ErrorCode == MDB_MAP_RESIZED || !HasAbortingErrors()'

Asset database transaction committed twice!

Assertion failed on expression: 'errors == MDB_SUCCESS || errors == MDB_NOTFOUND'

Refreshing native plugins compatible for Editor in 0.09 ms, found 0 plugins.
Preloading 0 native plugins for Editor in 0.00 ms.
Initialize engine version: 2020.3.13f1c1 (93b9df9a3ddc)
[Subsystems] Discovering subsystems at path D:/Unity/UnityEditor/2020.3.13f1c1/Editor/Data/Resources/UnitySubsystems
[Subsystems] Discovering subsystems at path E:/Unity/ARPG/ARPG/Assets
GfxDevice: creating device client; threaded=0
Direct3D:
    Version:  Direct3D 11.0 [level 11.1]
    Renderer: NVIDIA GeForce GTX 1050 Ti (ID=0x1c8c)
    Vendor:   
    VRAM:     4018 MB
    Driver:   27.21.14.5671
Assertion failed on expression: 'm_ErrorCode == MDB_MAP_RESIZED || !HasAbortingErrors()'

Asset database transaction committed twice!

Assertion failed on expression: 'errors == MDB_SUCCESS || errors == MDB_NOTFOUND'

Assertion failed on expression: 'm_ErrorCode == MDB_MAP_RESIZED || !HasAbortingErrors()'

Asset database transaction committed twice!

Assertion failed on expression: 'errors == MDB_SUCCESS || errors == MDB_NOTFOUND'

Assertion failed on expression: 'm_ErrorCode == MDB_MAP_RESIZED || !HasAbortingErrors()'

Asset database transaction committed twice!

Assertion failed on expression: 'errors == MDB_SUCCESS || errors == MDB_NOTFOUND'

Assertion failed on expression: 'm_ErrorCode == MDB_MAP_RESIZED || !HasAbortingErrors()'

Asset database transaction committed twice!

Assertion failed on expression: 'errors == MDB_SUCCESS || errors == MDB_NOTFOUND'

Initialize mono
Mono path[0] = 'D:/Unity/UnityEditor/2020.3.13f1c1/Editor/Data/Managed'
Mono path[1] = 'D:/Unity/UnityEditor/2020.3.13f1c1/Editor/Data/MonoBleedingEdge/lib/mono/unityjit'
Mono config path = 'D:/Unity/UnityEditor/2020.3.13f1c1/Editor/Data/MonoBleedingEdge/etc'
Using monoOptions --debugger-agent=transport=dt_socket,embedding=1,server=y,suspend=n,address=127.0.0.1:56912
Assertion failed on expression: 'm_ErrorCode == MDB_MAP_RESIZED || !HasAbortingErrors()'

Asset database transaction committed twice!

Assertion failed on expression: 'errors == MDB_SUCCESS || errors == MDB_NOTFOUND'

Assertion failed on expression: 'm_ErrorCode == MDB_MAP_RESIZED || !HasAbortingErrors()'

Asset database transaction committed twice!

Assertion failed on expression: 'errors == MDB_SUCCESS || errors == MDB_NOTFOUND'

Assertion failed on expression: 'm_ErrorCode == MDB_MAP_RESIZED || !HasAbortingErrors()'

Asset database transaction committed twice!

Assertion failed on expression: 'errors == MDB_SUCCESS || errors == MDB_NOTFOUND'

Assertion failed on expression: 'm_ErrorCode == MDB_MAP_RESIZED || !HasAbortingErrors()'

Asset database transaction committed twice!

Assertion failed on expression: 'errors == MDB_SUCCESS || errors == MDB_NOTFOUND'

Assertion failed on expression: 'm_ErrorCode == MDB_MAP_RESIZED || !HasAbortingErrors()'

Asset database transaction committed twice!

Assertion failed on expression: 'errors == MDB_SUCCESS || errors == MDB_NOTFOUND'

Assertion failed on expression: 'm_ErrorCode == MDB_MAP_RESIZED || !HasAbortingErrors()'

Asset database transaction committed twice!

Assertion failed on expression: 'errors == MDB_SUCCESS || errors == MDB_NOTFOUND'

Begin MonoManager ReloadAssembly
