Using pre-set license
Built from '2020.3/china_unity/release' branch; Version is '2020.3.13f1c1 (93b9df9a3ddc) revision 9681375'; Using compiler version '192528614'; Build Type 'Release'
OS: 'Windows 10 Pro; OS build 19041.685; Version 2004; 64bit' Language: 'zh' Physical Memory: 16229 MB
BatchMode: 1, IsHumanControllingUs: 0, StartBugReporterOnCrash: 0, Is64bit: 1, IsPro: 0

 COMMAND LINE ARGUMENTS:
C:\Program Files\Unity\Hub\Editor\2020.3.13f1c1\Editor\Unity.exe
-adb2
-batchMode
-noUpm
-name
AssetImportWorker1
-projectPath
C:/TYXfile/unity2020/Project/ARPG
-logFile
Logs/AssetImportWorker1.log
-srvPort
54875
Successfully changed project path to: C:/TYXfile/unity2020/Project/ARPG
C:/TYXfile/unity2020/Project/ARPG
Using Asset Import Pipeline V2.
Refreshing native plugins compatible for Editor in 125.85 ms, found 2 plugins.
Preloading 0 native plugins for Editor in 0.00 ms.
Initialize engine version: 2020.3.13f1c1 (93b9df9a3ddc)
[Subsystems] Discovering subsystems at path C:/Program Files/Unity/Hub/Editor/2020.3.13f1c1/Editor/Data/Resources/UnitySubsystems
[Subsystems] Discovering subsystems at path C:/TYXfile/unity2020/Project/ARPG/Assets
GfxDevice: creating device client; threaded=0
Direct3D:
    Version:  Direct3D 11.0 [level 11.1]
    Renderer: NVIDIA GeForce GTX 1070 (ID=0x1ba1)
    Vendor:   
    VRAM:     8082 MB
    Driver:   30.0.14.7111
Initialize mono
Mono path[0] = 'C:/Program Files/Unity/Hub/Editor/2020.3.13f1c1/Editor/Data/Managed'
Mono path[1] = 'C:/Program Files/Unity/Hub/Editor/2020.3.13f1c1/Editor/Data/MonoBleedingEdge/lib/mono/unityjit'
Mono config path = 'C:/Program Files/Unity/Hub/Editor/2020.3.13f1c1/Editor/Data/MonoBleedingEdge/etc'
Using monoOptions --debugger-agent=transport=dt_socket,embedding=1,server=y,suspend=n,address=127.0.0.1:56304
Begin MonoManager ReloadAssembly
Registering precompiled unity dll's ...
Register platform support module: C:/Program Files/Unity/Hub/Editor/2020.3.13f1c1/Editor/Data/PlaybackEngines/WindowsStandaloneSupport/UnityEditor.WindowsStandalone.Extensions.dll
Registered in 0.001915 seconds.
Native extension for WindowsStandalone target not found
Refreshing native plugins compatible for Editor in 102.21 ms, found 2 plugins.
Preloading 0 native plugins for Editor in 0.00 ms.
Mono: successfully reloaded assembly
- Completed reload, in  0.994 seconds
Platform modules already initialized, skipping
Registering precompiled user dll's ...
Registered in 0.011041 seconds.
Begin MonoManager ReloadAssembly
Native extension for WindowsStandalone target not found
Refreshing native plugins compatible for Editor in 124.08 ms, found 2 plugins.
Preloading 0 native plugins for Editor in 0.00 ms.
Mono: successfully reloaded assembly
- Completed reload, in  2.576 seconds
Platform modules already initialized, skipping
========================================================================
Worker process is ready to serve import requests
Launched and connected shader compiler UnityShaderCompiler.exe after 0.05 seconds
Refreshing native plugins compatible for Editor in 1.08 ms, found 2 plugins.
Preloading 0 native plugins for Editor in 0.00 ms.
Unloading 3478 Unused Serialized files (Serialized files now loaded: 0)
System memory in use before: 174.1 MB.
System memory in use after: 174.1 MB.

Unloading 87 unused Assets to reduce memory usage. Loaded Objects now: 3946.
Total: 29.403400 ms (FindLiveObjects: 0.390500 ms CreateObjectMapping: 0.189000 ms MarkObjects: 28.584800 ms  DeleteObjects: 0.236300 ms)

AssetImportParameters requested are different than current active one (requested -> active):
  custom:framework-win-MediaFoundation: 216162199b28c13a410421893ffa2e32 -> 
  custom:video-decoder-ogg-theora: a1e56fd34408186e4bbccfd4996cb3dc -> 
  custom:container-muxer-webm: aa71ff27fc2769a1b78a27578f13a17b -> 
  custom:container-demuxer-webm: 4f35f7cbe854078d1ac9338744f61a02 -> 
  custom:container-demuxer-ogg: 62fdf1f143b41e24485cea50d1cbac27 -> 
  custom:video-encoder-webm-vp8: eb34c28f22e8b96e1ab97ce403110664 -> 
  custom:video-decoder-webm-vp8: 9c59270c3fd7afecdb556c50c9e8de78 -> 
  custom:audio-decoder-ogg-vorbis: bf7c407c2cedff20999df2af8eb42d56 -> 
  custom:audio-encoder-webm-vorbis: bf7c407c2cedff20999df2af8eb42d56 -> 
========================================================================
Received Import Request.
  path: Assets/AssetResources/Animator/01_player.controller
  artifactKey: Guid(50304268d62202847bce2f48d8683b36) Importer(815301076,1909f56bfc062723c751e8b465ee728b)
Start importing Assets/AssetResources/Animator/01_player.controller using Guid(50304268d62202847bce2f48d8683b36) Importer(815301076,1909f56bfc062723c751e8b465ee728b)  -> (artifact id: 'f58018e382d7bba1424b02119b7b3380') in 0.047520 seconds 
  Import took 0.053090 seconds .

========================================================================
Received Import Request.
  Time since last request: 481.311801 seconds.
  path: Assets/AssetResources/Anim/Player/Sword/attack2.anim
  artifactKey: Guid(3b3c5d11eb454f140a5aa05e49a7ef37) Importer(815301076,1909f56bfc062723c751e8b465ee728b)
Start importing Assets/AssetResources/Anim/Player/Sword/attack2.anim using Guid(3b3c5d11eb454f140a5aa05e49a7ef37) Importer(815301076,1909f56bfc062723c751e8b465ee728b)  -> (artifact id: '4ca67bffbc8a5d714a8ce9aa4a343361') in 0.075680 seconds 
  Import took 0.081711 seconds .

========================================================================
Received Import Request.
  Time since last request: 2.850371 seconds.
  path: Assets/AssetResources/Anim/Player/Sword/attack3.anim
  artifactKey: Guid(ff13918fb9198d940a77baa77b02a184) Importer(815301076,1909f56bfc062723c751e8b465ee728b)
Start importing Assets/AssetResources/Anim/Player/Sword/attack3.anim using Guid(ff13918fb9198d940a77baa77b02a184) Importer(815301076,1909f56bfc062723c751e8b465ee728b)  -> (artifact id: 'f1b4baa5c8d0f0a7fb8c6505fccab91a') in 0.055749 seconds 
  Import took 0.061417 seconds .

========================================================================
Received Import Request.
  Time since last request: 37.026664 seconds.
  path: Assets/AssetResources/Anim/Player/Sword/attack1.anim
  artifactKey: Guid(fa906204e1af20c4081d1843e8310330) Importer(815301076,1909f56bfc062723c751e8b465ee728b)
Start importing Assets/AssetResources/Anim/Player/Sword/attack1.anim using Guid(fa906204e1af20c4081d1843e8310330) Importer(815301076,1909f56bfc062723c751e8b465ee728b)  -> (artifact id: 'ef5797a7467c277ac71cd614b96ab84e') in 0.045196 seconds 
  Import took 0.051099 seconds .

========================================================================
Received Import Request.
  Time since last request: 357.196728 seconds.
  path: Assets/AssetResources/Animator/01_player.controller
  artifactKey: Guid(50304268d62202847bce2f48d8683b36) Importer(815301076,1909f56bfc062723c751e8b465ee728b)
Start importing Assets/AssetResources/Animator/01_player.controller using Guid(50304268d62202847bce2f48d8683b36) Importer(815301076,1909f56bfc062723c751e8b465ee728b)  -> (artifact id: '665ef96ce7ed7918385f8d2ad4844d64') in 0.342295 seconds 
  Import took 0.348764 seconds .

========================================================================
Received Import Request.
  Time since last request: 291.704030 seconds.
  path: Assets/AssetResources/Animator/Player_Sword.controller
  artifactKey: Guid(01f2bbf31e89e9f4baf1987ebba35dcb) Importer(815301076,1909f56bfc062723c751e8b465ee728b)
Start importing Assets/AssetResources/Animator/Player_Sword.controller using Guid(01f2bbf31e89e9f4baf1987ebba35dcb) Importer(815301076,1909f56bfc062723c751e8b465ee728b)  -> (artifact id: '30abdf7f529274c85c638a2062d92aea') in 0.445240 seconds 
  Import took 0.451519 seconds .

AssetImportWorkerClient::OnTransportError - code=2 error=End of file
